<?xml version="1.0" encoding="UTF-8"?>
<!-- Generated by org.testng.reporters.JUnitReportReporter -->
<testsuite hostname="LTIN654043" failures="0" tests="3" name="com.alerthandling.tests.AlertHandlingTests" time="4.869" errors="0" timestamp="2025-08-20T13:52:02 IST" skipped="0">
  <testcase classname="com.alerthandling.tests.AlertHandlingTests" name="testEmptySignIn" time="0.266"/>
  <testcase classname="com.alerthandling.tests.AlertHandlingTests" name="testEmptyForgotPasswordFields" time="2.896"/>
  <testcase classname="com.alerthandling.tests.AlertHandlingTests" name="testPrivacyPolicyTab" time="1.707"/>
</testsuite> <!-- com.alerthandling.tests.AlertHandlingTests -->
